
ROM used:   601/8192 (7%)
            601/8192 (7%) including unused fragments

            0.7 Average locations per line
            5.6 Average locations per statement

RAM used:   7/368 (2%) at main() level
            11/368 (3%) worst case

Stack used: 0 worst case (0 in main + 0 for interrupts)
Stack size: 8

Lines Stmts  %   Files
----- ----- ---  -----
  182   108 100  Iniciando2.c
  661     0   0  D:\Program Files (x86)\PICC\Devices\16F877A.h
----- -----
  843   108 Total

Page ROM  %  RAM   Vol Diff  Functions:
---- --- --- ---   --- ----  ----------
0     21   3    1             @delay_ms1
0    328  55    1  2546  3.9  main
0      5   1    0   318  1.4  @const628
0     75  12    4    98  1.3  @PSTRINGC7_620
0      5   1    0    98  1.3  @const630
0      7   1    0             @const631
0      7   1    0   318  1.4  @const636
0      8   1    0    98  1.3  @const637
0      6   1    0    98  1.3  @const638
0      8   1    0    98  1.3  @const639
0      6   1    0    98  1.3  @const640
0     71  12    0   318  1.4  inicia_lcd
0     25   4    1    98  1.3  LCD_texto
0     25   4    1    98  1.3  LCD_comando
 Inline         0             @cinit1

Program metrics:
    Functions               12
    Statements              108
    Comments                152
    Volume (V)              6279
    Difficulty (D)          18.9
    Effort to implement (E) 118896
    Time to implement (T)   1 hours, 50 minutes
    Est Delivered Bugs (B)  1
    Cyclomatic Complexity   8
    Maintainability (MI)    68

 Segment     Used  Free
-----------  ----  ----
00000-00003     4  0  
00004-007FF   597  1447  
00800-00FFF     0  2048  
01000-017FF     0  2048  
01800-01FFF     0  2048  



